<?xml version="1.0" encoding="UTF-8"?>
<testsuite name="vuetest.aydinrest.SarafantestApplicationTests" tests="1" skipped="0" failures="0" errors="0" timestamp="2019-09-26T12:44:16" hostname="DESKTOP-C2LQSJT" time="0.185">
  <properties/>
  <testcase name="contextLoads" classname="vuetest.aydinrest.SarafantestApplicationTests" time="0.185"/>
  <system-out><![CDATA[15:44:00.471 [Test worker] DEBUG org.springframework.test.context.junit4.SpringJUnit4ClassRunner - SpringJUnit4ClassRunner constructor called with [class vuetest.aydinrest.SarafantestApplicationTests]
15:44:00.491 [Test worker] DEBUG org.springframework.test.context.BootstrapUtils - Instantiating CacheAwareContextLoaderDelegate from class [org.springframework.test.context.cache.DefaultCacheAwareContextLoaderDelegate]
15:44:00.518 [Test worker] DEBUG org.springframework.test.context.BootstrapUtils - Instantiating BootstrapContext using constructor [public org.springframework.test.context.support.DefaultBootstrapContext(java.lang.Class,org.springframework.test.context.CacheAwareContextLoaderDelegate)]
15:44:00.573 [Test worker] DEBUG org.springframework.test.context.BootstrapUtils - Instantiating TestContextBootstrapper for test class [vuetest.aydinrest.SarafantestApplicationTests] from class [org.springframework.boot.test.context.SpringBootTestContextBootstrapper]
15:44:00.642 [Test worker] INFO org.springframework.boot.test.context.SpringBootTestContextBootstrapper - Neither @ContextConfiguration nor @ContextHierarchy found for test class [vuetest.aydinrest.SarafantestApplicationTests], using SpringBootContextLoader
15:44:00.652 [Test worker] DEBUG org.springframework.test.context.support.AbstractContextLoader - Did not detect default resource location for test class [vuetest.aydinrest.SarafantestApplicationTests]: class path resource [vuetest/aydinrest/SarafantestApplicationTests-context.xml] does not exist
15:44:00.653 [Test worker] DEBUG org.springframework.test.context.support.AbstractContextLoader - Did not detect default resource location for test class [vuetest.aydinrest.SarafantestApplicationTests]: class path resource [vuetest/aydinrest/SarafantestApplicationTestsContext.groovy] does not exist
15:44:00.655 [Test worker] INFO org.springframework.test.context.support.AbstractContextLoader - Could not detect default resource locations for test class [vuetest.aydinrest.SarafantestApplicationTests]: no resource found for suffixes {-context.xml, Context.groovy}.
15:44:00.658 [Test worker] INFO org.springframework.test.context.support.AnnotationConfigContextLoaderUtils - Could not detect default configuration classes for test class [vuetest.aydinrest.SarafantestApplicationTests]: SarafantestApplicationTests does not declare any static, non-private, non-final, nested classes annotated with @Configuration.
15:44:00.765 [Test worker] DEBUG org.springframework.test.context.support.ActiveProfilesUtils - Could not find an 'annotation declaring class' for annotation type [org.springframework.test.context.ActiveProfiles] and class [vuetest.aydinrest.SarafantestApplicationTests]
15:44:00.928 [Test worker] DEBUG org.springframework.context.annotation.ClassPathScanningCandidateComponentProvider - Identified candidate component class: file [E:\sarafantest\build\classes\java\main\vuetest\aydinrest\AydinrestApplication.class]
15:44:00.930 [Test worker] INFO org.springframework.boot.test.context.SpringBootTestContextBootstrapper - Found @SpringBootConfiguration vuetest.aydinrest.AydinrestApplication for test class vuetest.aydinrest.SarafantestApplicationTests
15:44:01.128 [Test worker] DEBUG org.springframework.boot.test.context.SpringBootTestContextBootstrapper - @TestExecutionListeners is not present for class [vuetest.aydinrest.SarafantestApplicationTests]: using defaults.
15:44:01.130 [Test worker] INFO org.springframework.boot.test.context.SpringBootTestContextBootstrapper - Loaded default TestExecutionListener class names from location [META-INF/spring.factories]: [org.springframework.boot.test.autoconfigure.restdocs.RestDocsTestExecutionListener, org.springframework.boot.test.autoconfigure.web.client.MockRestServiceServerResetTestExecutionListener, org.springframework.boot.test.autoconfigure.web.servlet.MockMvcPrintOnlyOnFailureTestExecutionListener, org.springframework.boot.test.autoconfigure.web.servlet.WebDriverTestExecutionListener, org.springframework.boot.test.mock.mockito.MockitoTestExecutionListener, org.springframework.boot.test.mock.mockito.ResetMocksTestExecutionListener, org.springframework.test.context.web.ServletTestExecutionListener, org.springframework.test.context.support.DirtiesContextBeforeModesTestExecutionListener, org.springframework.test.context.support.DependencyInjectionTestExecutionListener, org.springframework.test.context.support.DirtiesContextTestExecutionListener, org.springframework.test.context.transaction.TransactionalTestExecutionListener, org.springframework.test.context.jdbc.SqlScriptsTestExecutionListener]
15:44:01.174 [Test worker] INFO org.springframework.boot.test.context.SpringBootTestContextBootstrapper - Using TestExecutionListeners: [org.springframework.test.context.web.ServletTestExecutionListener@311a61e7, org.springframework.test.context.support.DirtiesContextBeforeModesTestExecutionListener@4b8bc7cb, org.springframework.boot.test.mock.mockito.MockitoTestExecutionListener@51bae12f, org.springframework.boot.test.autoconfigure.SpringBootDependencyInjectionTestExecutionListener@4f0a4fc5, org.springframework.test.context.support.DirtiesContextTestExecutionListener@2dfd1a9a, org.springframework.test.context.transaction.TransactionalTestExecutionListener@38dd3571, org.springframework.test.context.jdbc.SqlScriptsTestExecutionListener@3e6808dc, org.springframework.boot.test.autoconfigure.restdocs.RestDocsTestExecutionListener@23810cb3, org.springframework.boot.test.autoconfigure.web.client.MockRestServiceServerResetTestExecutionListener@666deb93, org.springframework.boot.test.autoconfigure.web.servlet.MockMvcPrintOnlyOnFailureTestExecutionListener@374a3c92, org.springframework.boot.test.autoconfigure.web.servlet.WebDriverTestExecutionListener@499aec4f, org.springframework.boot.test.mock.mockito.ResetMocksTestExecutionListener@6255955b]
15:44:01.181 [Test worker] DEBUG org.springframework.test.annotation.ProfileValueUtils - Retrieved @ProfileValueSourceConfiguration [null] for test class [vuetest.aydinrest.SarafantestApplicationTests]
15:44:01.183 [Test worker] DEBUG org.springframework.test.annotation.ProfileValueUtils - Retrieved ProfileValueSource type [class org.springframework.test.annotation.SystemProfileValueSource] for class [vuetest.aydinrest.SarafantestApplicationTests]
15:44:01.185 [Test worker] DEBUG org.springframework.test.annotation.ProfileValueUtils - Retrieved @ProfileValueSourceConfiguration [null] for test class [vuetest.aydinrest.SarafantestApplicationTests]
15:44:01.186 [Test worker] DEBUG org.springframework.test.annotation.ProfileValueUtils - Retrieved ProfileValueSource type [class org.springframework.test.annotation.SystemProfileValueSource] for class [vuetest.aydinrest.SarafantestApplicationTests]
15:44:01.195 [Test worker] DEBUG org.springframework.test.context.support.AbstractDirtiesContextTestExecutionListener - Before test class: context [DefaultTestContext@1b00d0b5 testClass = SarafantestApplicationTests, testInstance = [null], testMethod = [null], testException = [null], mergedContextConfiguration = [WebMergedContextConfiguration@3ede0367 testClass = SarafantestApplicationTests, locations = '{}', classes = '{class vuetest.aydinrest.AydinrestApplication}', contextInitializerClasses = '[]', activeProfiles = '{}', propertySourceLocations = '{}', propertySourceProperties = '{org.springframework.boot.test.context.SpringBootTestContextBootstrapper=true}', contextCustomizers = set[org.springframework.boot.test.autoconfigure.properties.PropertyMappingContextCustomizer@0, org.springframework.boot.test.autoconfigure.web.servlet.WebDriverContextCustomizerFactory$Customizer@72e46d99, org.springframework.boot.test.context.filter.ExcludeFilterContextCustomizer@3b1d0d11, org.springframework.boot.test.json.DuplicateJsonObjectContextCustomizerFactory$DuplicateJsonObjectContextCustomizer@714a8489, org.springframework.boot.test.mock.mockito.MockitoContextCustomizer@0, org.springframework.boot.test.web.client.TestRestTemplateContextCustomizer@11062b3f], resourceBasePath = 'src/main/webapp', contextLoader = 'org.springframework.boot.test.context.SpringBootContextLoader', parent = [null]], attributes = map['org.springframework.test.context.web.ServletTestExecutionListener.activateListener' -> true]], class annotated with @DirtiesContext [false] with mode [null].
15:44:01.197 [Test worker] DEBUG org.springframework.test.annotation.ProfileValueUtils - Retrieved @ProfileValueSourceConfiguration [null] for test class [vuetest.aydinrest.SarafantestApplicationTests]
15:44:01.197 [Test worker] DEBUG org.springframework.test.annotation.ProfileValueUtils - Retrieved ProfileValueSource type [class org.springframework.test.annotation.SystemProfileValueSource] for class [vuetest.aydinrest.SarafantestApplicationTests]
15:44:01.241 [Test worker] DEBUG org.springframework.test.context.support.TestPropertySourceUtils - Adding inlined properties to environment: {spring.jmx.enabled=false, org.springframework.boot.test.context.SpringBootTestContextBootstrapper=true, server.port=-1}

  .   ____          _            __ _ _
 /\\ / ___'_ __ _ _(_)_ __  __ _ \ \ \ \
( ( )\___ | '_ | '_| | '_ \/ _` | \ \ \ \
 \\/  ___)| |_)| | | | | || (_| |  ) ) ) )
  '  |____| .__|_| |_|_| |_\__, | / / / /
 =========|_|==============|___/=/_/_/_/
 :: Spring Boot ::        (v2.1.6.RELEASE)

2019-09-26 15:44:02.036  INFO 10740 --- [    Test worker] v.aydinrest.SarafantestApplicationTests  : Starting SarafantestApplicationTests on DESKTOP-C2LQSJT with PID 10740 (started by Aydin in E:\sarafantest)
2019-09-26 15:44:02.039  INFO 10740 --- [    Test worker] v.aydinrest.SarafantestApplicationTests  : No active profile set, falling back to default profiles: default
2019-09-26 15:44:04.715  INFO 10740 --- [    Test worker] .s.d.r.c.RepositoryConfigurationDelegate : Bootstrapping Spring Data repositories in DEFAULT mode.
2019-09-26 15:44:04.964  INFO 10740 --- [    Test worker] .s.d.r.c.RepositoryConfigurationDelegate : Finished Spring Data repository scanning in 219ms. Found 4 repository interfaces.
2019-09-26 15:44:06.114  INFO 10740 --- [    Test worker] trationDelegate$BeanPostProcessorChecker : Bean 'org.springframework.transaction.annotation.ProxyTransactionManagementConfiguration' of type [org.springframework.transaction.annotation.ProxyTransactionManagementConfiguration$$EnhancerBySpringCGLIB$$9e864da2] is not eligible for getting processed by all BeanPostProcessors (for example: not eligible for auto-proxying)
2019-09-26 15:44:06.831  INFO 10740 --- [    Test worker] com.zaxxer.hikari.HikariDataSource       : HikariPool-1 - Starting...
2019-09-26 15:44:07.017  INFO 10740 --- [    Test worker] com.zaxxer.hikari.HikariDataSource       : HikariPool-1 - Start completed.
2019-09-26 15:44:07.185  INFO 10740 --- [    Test worker] o.hibernate.jpa.internal.util.LogHelper  : HHH000204: Processing PersistenceUnitInfo [
	name: default
	...]
2019-09-26 15:44:07.362  INFO 10740 --- [    Test worker] org.hibernate.Version                    : HHH000412: Hibernate Core {5.3.10.Final}
2019-09-26 15:44:07.367  INFO 10740 --- [    Test worker] org.hibernate.cfg.Environment            : HHH000206: hibernate.properties not found
2019-09-26 15:44:07.746  INFO 10740 --- [    Test worker] o.hibernate.annotations.common.Version   : HCANN000001: Hibernate Commons Annotations {5.0.4.Final}
2019-09-26 15:44:08.126  INFO 10740 --- [    Test worker] org.hibernate.dialect.Dialect            : HHH000400: Using dialect: org.hibernate.dialect.PostgreSQL95Dialect
2019-09-26 15:44:08.375  INFO 10740 --- [    Test worker] o.h.e.j.e.i.LobCreatorBuilderImpl        : HHH000421: Disabling contextual LOB creation as hibernate.jdbc.lob.non_contextual_creation is true
2019-09-26 15:44:08.390  INFO 10740 --- [    Test worker] org.hibernate.type.BasicTypeRegistry     : HHH000270: Type registration [java.util.UUID] overrides previous : org.hibernate.type.UUIDBinaryType@5c4226cc
2019-09-26 15:44:10.086  INFO 10740 --- [    Test worker] j.LocalContainerEntityManagerFactoryBean : Initialized JPA EntityManagerFactory for persistence unit 'default'
2019-09-26 15:44:11.846  INFO 10740 --- [    Test worker] o.s.s.concurrent.ThreadPoolTaskExecutor  : Initializing ExecutorService 'clientInboundChannelExecutor'
2019-09-26 15:44:11.868  INFO 10740 --- [    Test worker] o.s.s.concurrent.ThreadPoolTaskExecutor  : Initializing ExecutorService 'clientOutboundChannelExecutor'
2019-09-26 15:44:12.420  INFO 10740 --- [    Test worker] .s.s.UserDetailsServiceAutoConfiguration : 

Using generated security password: fd663ad1-fde4-4c49-9039-3b4eaabf7202

2019-09-26 15:44:13.186  INFO 10740 --- [    Test worker] o.s.s.web.DefaultSecurityFilterChain     : Creating filter chain: Ant [pattern='/**'], [org.springframework.security.web.context.request.async.WebAsyncManagerIntegrationFilter@15ad5700, org.springframework.security.web.context.SecurityContextPersistenceFilter@76f48b8b, org.springframework.security.web.header.HeaderWriterFilter@1224f3dc, org.springframework.security.web.authentication.logout.LogoutFilter@14c80e37, org.springframework.security.oauth2.client.filter.OAuth2ClientAuthenticationProcessingFilter@61373efa, org.springframework.security.web.savedrequest.RequestCacheAwareFilter@38d018ea, org.springframework.security.web.servletapi.SecurityContextHolderAwareRequestFilter@2bba510, org.springframework.security.web.authentication.AnonymousAuthenticationFilter@4dd14df6, org.springframework.security.web.session.SessionManagementFilter@eadb5c1, org.springframework.security.web.access.ExceptionTranslationFilter@244e381f, org.springframework.security.web.access.intercept.FilterSecurityInterceptor@23d8fe34]
2019-09-26 15:44:13.420  INFO 10740 --- [    Test worker] o.s.s.c.ThreadPoolTaskScheduler          : Initializing ExecutorService 'messageBrokerTaskScheduler'
2019-09-26 15:44:14.034  INFO 10740 --- [    Test worker] o.s.s.concurrent.ThreadPoolTaskExecutor  : Initializing ExecutorService 'brokerChannelExecutor'
2019-09-26 15:44:15.545  WARN 10740 --- [    Test worker] aWebConfiguration$JpaWebMvcConfiguration : spring.jpa.open-in-view is enabled by default. Therefore, database queries may be performed during view rendering. Explicitly configure spring.jpa.open-in-view to disable this warning
2019-09-26 15:44:16.079  INFO 10740 --- [    Test worker] o.s.b.a.w.s.WelcomePageHandlerMapping    : Adding welcome page template: index
2019-09-26 15:44:16.815  INFO 10740 --- [    Test worker] o.s.m.s.b.SimpleBrokerMessageHandler     : Starting...
2019-09-26 15:44:16.815  INFO 10740 --- [    Test worker] o.s.m.s.b.SimpleBrokerMessageHandler     : BrokerAvailabilityEvent[available=true, SimpleBrokerMessageHandler [DefaultSubscriptionRegistry[cache[0 destination(s)], registry[0 sessions]]]]
2019-09-26 15:44:16.817  INFO 10740 --- [    Test worker] o.s.m.s.b.SimpleBrokerMessageHandler     : Started.
2019-09-26 15:44:16.839  INFO 10740 --- [    Test worker] v.aydinrest.SarafantestApplicationTests  : Started SarafantestApplicationTests in 15.582 seconds (JVM running for 18.359)
]]></system-out>
  <system-err><![CDATA[]]></system-err>
</testsuite>
